  lapi.c
  lauxlib.c
  lbaselib.c
  lbitlib.c
  lcode.c
  lcorolib.c
  lctype.c
  ldblib.c
  ldebug.c
  ldo.c
  ldump.c
  lfunc.c
  lgc.c
  linit.c
  liolib.c
  llex.c
  lmathlib.c
  lmem.c
  loadlib.c
  lobject.c
  正在编译...
  lopcodes.c
  loslib.c
  lparser.c
  lstate.c
  lstring.c
  lstrlib.c
  ltable.c
  ltablib.c
  ltm.c
  lua.c
  lundump.c
  lutf8lib.c
  lvm.c
  lzio.c
  正在生成代码
  All 893 functions were compiled because no usable IPDB/IOBJ from previous compilation was found.
  已完成代码的生成
  Lua.vcxproj -> c:\users\administrator\documents\visual studio 2015\Projects\Lua5.3.4\Release\Lua.exe
  Lua.vcxproj -> c:\users\administrator\documents\visual studio 2015\Projects\Lua5.3.4\Release\Lua.pdb (Full PDB)
